nohup: no se tendrá en cuenta la entrada
Traceback (most recent call last):
  File "/home/esteban/projects/ddsp_textures/ddsp_textures/main.py", line 9, in <module>
    import ddsp_textures.training.wrapper
  File "/home/esteban/projects/ddsp_textures/ddsp_textures/training/wrapper.py", line 1, in <module>
    from ddsp_textures.architectures.DDSP import *
  File "/home/esteban/projects/ddsp_textures/ddsp_textures/architectures/DDSP.py", line 1, in <module>
    from ddsp_textures.signal_processors.synthesizers import *
  File "/home/esteban/projects/ddsp_textures/ddsp_textures/signal_processors/synthesizers.py", line 1, in <module>
    import torch
ModuleNotFoundError: No module named 'torch'
Traceback (most recent call last):
  File "/home/esteban/projects/ddsp_textures/ddsp_textures/main.py", line 9, in <module>
    import ddsp_textures.training.wrapper
  File "/home/esteban/projects/ddsp_textures/ddsp_textures/training/wrapper.py", line 1, in <module>
    from ddsp_textures.architectures.DDSP import *
  File "/home/esteban/projects/ddsp_textures/ddsp_textures/architectures/DDSP.py", line 1, in <module>
    from ddsp_textures.signal_processors.synthesizers import *
  File "/home/esteban/projects/ddsp_textures/ddsp_textures/signal_processors/synthesizers.py", line 1, in <module>
    import torch
ModuleNotFoundError: No module named 'torch'
Traceback (most recent call last):
  File "/home/esteban/projects/ddsp_textures/ddsp_textures/main.py", line 9, in <module>
    import ddsp_textures.training.wrapper
  File "/home/esteban/projects/ddsp_textures/ddsp_textures/training/wrapper.py", line 1, in <module>
    from ddsp_textures.architectures.DDSP import *
  File "/home/esteban/projects/ddsp_textures/ddsp_textures/architectures/DDSP.py", line 1, in <module>
    from ddsp_textures.signal_processors.synthesizers import *
  File "/home/esteban/projects/ddsp_textures/ddsp_textures/signal_processors/synthesizers.py", line 1, in <module>
    import torch
ModuleNotFoundError: No module named 'torch'
Traceback (most recent call last):
  File "/home/esteban/projects/ddsp_textures/ddsp_textures/main.py", line 9, in <module>
    import ddsp_textures.training.wrapper
  File "/home/esteban/projects/ddsp_textures/ddsp_textures/training/wrapper.py", line 1, in <module>
    from ddsp_textures.architectures.DDSP import *
  File "/home/esteban/projects/ddsp_textures/ddsp_textures/architectures/DDSP.py", line 1, in <module>
    from ddsp_textures.signal_processors.synthesizers import *
  File "/home/esteban/projects/ddsp_textures/ddsp_textures/signal_processors/synthesizers.py", line 1, in <module>
    import torch
ModuleNotFoundError: No module named 'torch'
Traceback (most recent call last):
  File "/home/esteban/projects/ddsp_textures/ddsp_textures/main.py", line 9, in <module>
    import ddsp_textures.training.wrapper
  File "/home/esteban/projects/ddsp_textures/ddsp_textures/training/wrapper.py", line 1, in <module>
    from ddsp_textures.architectures.DDSP import *
  File "/home/esteban/projects/ddsp_textures/ddsp_textures/architectures/DDSP.py", line 1, in <module>
    from ddsp_textures.signal_processors.synthesizers import *
  File "/home/esteban/projects/ddsp_textures/ddsp_textures/signal_processors/synthesizers.py", line 1, in <module>
    import torch
ModuleNotFoundError: No module named 'torch'
Traceback (most recent call last):
  File "/home/esteban/projects/ddsp_textures/ddsp_textures/main.py", line 9, in <module>
    import ddsp_textures.training.wrapper
  File "/home/esteban/projects/ddsp_textures/ddsp_textures/training/wrapper.py", line 1, in <module>
    from ddsp_textures.architectures.DDSP import *
  File "/home/esteban/projects/ddsp_textures/ddsp_textures/architectures/DDSP.py", line 1, in <module>
    from ddsp_textures.signal_processors.synthesizers import *
  File "/home/esteban/projects/ddsp_textures/ddsp_textures/signal_processors/synthesizers.py", line 1, in <module>
    import torch
ModuleNotFoundError: No module named 'torch'
